<?xml version="1.0" encoding="UTF-8"?>
<!-- Generated by org.testng.reporters.JUnitXMLReporter -->
<testsuite hostname="SGH407TWWM" ignored="0" name="Test" tests="3" failures="0" timestamp="20 Jul 2018 11:50:11 GMT" time="23.402" errors="0">
  <testcase name="parallelTest1" time="22.88" classname="com.TestNG.parallelExecution.ParallelExecutionBrowser"/>
  <testcase name="parallelTest2" time="22.984" classname="com.TestNG.parallelExecution.ParallelExecutionBrowser"/>
  <testcase name="parallelTest3" time="23.384" classname="com.TestNG.parallelExecution.ParallelExecutionBrowser"/>
</testsuite> <!-- Test -->
