<?xml version="1.0" encoding="UTF-8"?>
<!-- Generated by org.testng.reporters.JUnitXMLReporter -->
<testsuite hostname="SGH407TWWM" ignored="0" name="Execute all TesNG class files" tests="18" failures="2" timestamp="12 Jul 2018 11:35:38 GMT" time="29.369" errors="0">
  <testcase name="signIN" time="3.976" classname="com.TestNG.GoogleTest"/>
  <testcase name="test" time="0.001" classname="com.TestNG.GoogleTest"/>
  <testcase name="title" time="0.008" classname="com.TestNG.GoogleTest">
    <failure type="java.lang.AssertionError" message="Title Not matched expected [Goodle] but found [Google]">
      <![CDATA[java.lang.AssertionError: Title Not matched expected [Goodle] but found [Google]
at com.TestNG.GoogleTest.title(GoogleTest.java:32)
... Removed 30 stack frames]]>
    </failure>
  </testcase> <!-- title -->
  <testcase name="sum" time="0.001" classname="com.TestNG.InvocationCountTest"/>
  <testcase name="sum" time="0.001" classname="com.TestNG.InvocationCountTest"/>
  <testcase name="sum" time="0.001" classname="com.TestNG.InvocationCountTest"/>
  <testcase name="sum" time="0.001" classname="com.TestNG.InvocationCountTest"/>
  <testcase name="sum" time="0.0" classname="com.TestNG.InvocationCountTest"/>
  <testcase name="sum" time="0.0" classname="com.TestNG.InvocationCountTest"/>
  <testcase name="sum" time="0.0" classname="com.TestNG.InvocationCountTest"/>
  <testcase name="sum" time="0.0" classname="com.TestNG.InvocationCountTest"/>
  <testcase name="sum" time="0.001" classname="com.TestNG.InvocationCountTest"/>
  <testcase name="sum" time="0.001" classname="com.TestNG.InvocationCountTest"/>
  <testcase name="Login" time="0.001" classname="com.TestNG.TestNGFeatures">
    <failure type="java.lang.ArithmeticException" message="/ by zero">
      <![CDATA[java.lang.ArithmeticException: / by zero
at com.TestNG.TestNGFeatures.Login(TestNGFeatures.java:14)
... Removed 25 stack frames]]>
    </failure>
  </testcase> <!-- Login -->
  <testcase name="homepage" time="0.0" classname="com.TestNG.TestNGFeatures">
    <skipped/>
  </testcase> <!-- homepage -->
  <testcase name="sompage" time="0.0" classname="com.TestNG.TestNGFeatures">
    <skipped/>
  </testcase> <!-- sompage -->
  <testcase name="googleTitleTest" time="0.0" classname="com.TestNG.TestNgBasics"/>
  <testcase name="searchTest" time="0.001" classname="com.TestNG.TestNgBasics"/>
</testsuite> <!-- Execute all TesNG class files -->
