<?xml version="1.0" encoding="UTF-8"?>
<testng-results skipped="0" failed="0" ignored="0" total="1" passed="1">
  <reporter-output>
  </reporter-output>
  <suite name="Default suite" duration-ms="1754" started-at="2018-08-08T09:53:15Z" finished-at="2018-08-08T09:53:17Z">
    <groups>
    </groups>
    <test name="Default test" duration-ms="1754" started-at="2018-08-08T09:53:15Z" finished-at="2018-08-08T09:53:17Z">
      <class name="seleniumSession.WindowHandleEON">
        <test-method status="PASS" signature="sendEmail()[pri:0, instance:seleniumSession.WindowHandleEON@1a1d6a08]" name="sendEmail" duration-ms="1738" started-at="2018-08-08T09:53:15Z" finished-at="2018-08-08T09:53:17Z">
          <reporter-output>
          </reporter-output>
        </test-method> <!-- sendEmail -->
      </class> <!-- seleniumSession.WindowHandleEON -->
    </test> <!-- Default test -->
  </suite> <!-- Default suite -->
</testng-results>
