<?xml version="1.0" encoding="UTF-8"?>
<testng-results skipped="0" failed="0" ignored="0" total="2" passed="2">
  <reporter-output>
  </reporter-output>
  <suite name="Default suite" duration-ms="20" started-at="2018-07-26T09:59:05Z" finished-at="2018-07-26T09:59:05Z">
    <groups>
    </groups>
    <test name="Default test" duration-ms="20" started-at="2018-07-26T09:59:05Z" finished-at="2018-07-26T09:59:05Z">
      <class name="com.TestNG.TestNgBasics">
        <test-method status="PASS" signature="setUp()[pri:0, instance:com.TestNG.TestNgBasics@2f943d71]" name="setUp" is-config="true" duration-ms="7" started-at="2018-07-26T09:59:05Z" finished-at="2018-07-26T09:59:05Z">
          <reporter-output>
          </reporter-output>
        </test-method> <!-- setUp -->
        <test-method status="PASS" signature="launchBrowser()[pri:0, instance:com.TestNG.TestNgBasics@2f943d71]" name="launchBrowser" is-config="true" duration-ms="0" started-at="2018-07-26T09:59:05Z" finished-at="2018-07-26T09:59:05Z">
          <reporter-output>
          </reporter-output>
        </test-method> <!-- launchBrowser -->
        <test-method status="PASS" signature="eneterURL()[pri:0, instance:com.TestNG.TestNgBasics@2f943d71]" name="eneterURL" is-config="true" duration-ms="1" started-at="2018-07-26T09:59:05Z" finished-at="2018-07-26T09:59:05Z">
          <reporter-output>
          </reporter-output>
        </test-method> <!-- eneterURL -->
        <test-method status="PASS" signature="googleTitleTest()[pri:1, instance:com.TestNG.TestNgBasics@2f943d71]" name="googleTitleTest" duration-ms="4" started-at="2018-07-26T09:59:05Z" finished-at="2018-07-26T09:59:05Z">
          <reporter-output>
          </reporter-output>
        </test-method> <!-- googleTitleTest -->
        <test-method status="PASS" signature="login()[pri:0, instance:com.TestNG.TestNgBasics@2f943d71]" name="login" is-config="true" duration-ms="0" started-at="2018-07-26T09:59:05Z" finished-at="2018-07-26T09:59:05Z">
          <reporter-output>
          </reporter-output>
        </test-method> <!-- login -->
        <test-method status="PASS" signature="logut()[pri:0, instance:com.TestNG.TestNgBasics@2f943d71]" name="logut" is-config="true" duration-ms="0" started-at="2018-07-26T09:59:05Z" finished-at="2018-07-26T09:59:05Z">
          <reporter-output>
          </reporter-output>
        </test-method> <!-- logut -->
        <test-method status="PASS" signature="searchTest()[pri:2, instance:com.TestNG.TestNgBasics@2f943d71]" name="searchTest" duration-ms="1" started-at="2018-07-26T09:59:05Z" finished-at="2018-07-26T09:59:05Z">
          <reporter-output>
          </reporter-output>
        </test-method> <!-- searchTest -->
        <test-method status="PASS" signature="login()[pri:0, instance:com.TestNG.TestNgBasics@2f943d71]" name="login" is-config="true" duration-ms="0" started-at="2018-07-26T09:59:05Z" finished-at="2018-07-26T09:59:05Z">
          <reporter-output>
          </reporter-output>
        </test-method> <!-- login -->
        <test-method status="PASS" signature="logut()[pri:0, instance:com.TestNG.TestNgBasics@2f943d71]" name="logut" is-config="true" duration-ms="0" started-at="2018-07-26T09:59:05Z" finished-at="2018-07-26T09:59:05Z">
          <reporter-output>
          </reporter-output>
        </test-method> <!-- logut -->
        <test-method status="PASS" signature="deleteAllcookies()[pri:0, instance:com.TestNG.TestNgBasics@2f943d71]" name="deleteAllcookies" is-config="true" duration-ms="1" started-at="2018-07-26T09:59:05Z" finished-at="2018-07-26T09:59:05Z">
          <reporter-output>
          </reporter-output>
        </test-method> <!-- deleteAllcookies -->
        <test-method status="PASS" signature="closeBrowser()[pri:0, instance:com.TestNG.TestNgBasics@2f943d71]" name="closeBrowser" is-config="true" duration-ms="0" started-at="2018-07-26T09:59:05Z" finished-at="2018-07-26T09:59:05Z">
          <reporter-output>
          </reporter-output>
        </test-method> <!-- closeBrowser -->
        <test-method status="PASS" signature="genearteTestReport()[pri:0, instance:com.TestNG.TestNgBasics@2f943d71]" name="genearteTestReport" is-config="true" duration-ms="0" started-at="2018-07-26T09:59:06Z" finished-at="2018-07-26T09:59:06Z">
          <reporter-output>
          </reporter-output>
        </test-method> <!-- genearteTestReport -->
      </class> <!-- com.TestNG.TestNgBasics -->
    </test> <!-- Default test -->
  </suite> <!-- Default suite -->
</testng-results>
